<?xml version="1.0" encoding="UTF-8"?>
<testsuite xmlns:xsi="http://www.w3.org/2001/XMLSchema-instance" xsi:noNamespaceSchemaLocation="https://maven.apache.org/surefire/maven-surefire-plugin/xsd/surefire-test-report-3.0.xsd" version="3.0" name="MathUtilsTest" time="0.12" tests="8" errors="0" skipped="0" failures="0">
  <properties>
[...]
</properties>
  <testcase name="testDivide_BHigherThan0" classname="MathUtilsTest" time="0.018">
    <system-out><![CDATA[20:38:44.299 [main] INFO MathUtilsTest -- === Bắt đầu chạy MathUtilsTest ===
]]></system-out>
  </testcase>
  <testcase name="testMaxAEqualB" classname="MathUtilsTest" time="0.001"/>
  <testcase name="testMaxALargerThanB" classname="MathUtilsTest" time="0.001"/>
  <testcase name="testMax_BVA_MinValue" classname="MathUtilsTest" time="0.002"/>
  <testcase name="testDivide_BlessThan0" classname="MathUtilsTest" time="0.001"/>
  <testcase name="testDivide_BEquals0" classname="MathUtilsTest" time="0.002"/>
  <testcase name="testMaxALessThanB" classname="MathUtilsTest" time="0.001"/>
  <testcase name="testMax_BVA_MaxValue" classname="MathUtilsTest" time="0.001"/>
</testsuite>